<?xml version="1.0" encoding="UTF-8"?>
<testng-results ignored="0" total="1" passed="1" failed="0" skipped="0">
  <reporter-output>
  </reporter-output>
  <suite started-at="2024-09-01T20:59:50 IST" name="Default suite" finished-at="2024-09-01T21:00:12 IST" duration-ms="22043">
    <groups>
      <group name="cucumber">
        <method signature="AbstractTestNGCucumberTests.runScenario(io.cucumber.testng.PickleWrapper,io.cucumber.testng.FeatureWrapper)[pri:0, instance:runner.HealthcareRunner@4e5ed836]" name="runScenario" class="io.cucumber.testng.AbstractTestNGCucumberTests"/>
      </group> <!-- cucumber -->
    </groups>
    <test started-at="2024-09-01T20:59:50 IST" name="Default test" finished-at="2024-09-01T21:00:12 IST" duration-ms="22043">
      <class name="runner.HealthcareRunner">
        <test-method is-config="true" signature="setUpClass(org.testng.ITestContext)[pri:0, instance:runner.HealthcareRunner@4e5ed836]" started-at="2024-09-01T20:59:50 IST" name="setUpClass" finished-at="2024-09-01T20:59:51 IST" duration-ms="560" status="PASS">
          <params>
            <param index="0">
              <value>
                <![CDATA[org.testng.TestRunner@62628e78]]>
              </value>
            </param>
          </params>
          <reporter-output>
          </reporter-output>
        </test-method> <!-- setUpClass -->
        <test-method signature="runScenario(io.cucumber.testng.PickleWrapper,io.cucumber.testng.FeatureWrapper)[pri:0, instance:runner.HealthcareRunner@4e5ed836]" started-at="2024-09-01T20:59:51 IST" name="runScenario" description="Runs Cucumber Scenarios" data-provider="scenarios" finished-at="2024-09-01T21:00:12 IST" duration-ms="21363" status="PASS">
          <params>
            <param index="0">
              <value>
                <![CDATA["validate the ffunctionality of HealthCare Feature"]]>
              </value>
            </param>
            <param index="1">
              <value>
                <![CDATA["Validate the functionality of HealthCare"]]>
              </value>
            </param>
          </params>
          <reporter-output>
          </reporter-output>
        </test-method> <!-- runScenario -->
        <test-method is-config="true" signature="tearDownClass()[pri:0, instance:runner.HealthcareRunner@4e5ed836]" started-at="2024-09-01T21:00:12 IST" name="tearDownClass" finished-at="2024-09-01T21:00:12 IST" duration-ms="3" status="PASS">
          <reporter-output>
          </reporter-output>
        </test-method> <!-- tearDownClass -->
      </class> <!-- runner.HealthcareRunner -->
    </test> <!-- Default test -->
  </suite> <!-- Default suite -->
</testng-results>
